<?xml version="1.0" encoding="UTF-8"?>
<!-- Generated by org.testng.reporters.JUnitReportReporter -->
<testsuite hostname="LAPTOP-0SCJ6J7A" failures="0" tests="1" name="rmgAPITestUsingFRAMEWORK.Create_project_using_Api_And_verify_in_Database" time="3.184" errors="0" timestamp="2022-04-22T14:54:58 IST" skipped="0">
  <testcase classname="rmgAPITestUsingFRAMEWORK.Create_project_using_Api_And_verify_in_Database" name="createProjectVerifyInDb" time="3.184"/>
  <system-out/>
</testsuite> <!-- rmgAPITestUsingFRAMEWORK.Create_project_using_Api_And_verify_in_Database -->
