<?xml version="1.0" encoding="UTF-8"?>
<!-- Generated by org.testng.reporters.JUnitReportReporter -->
<testsuite hostname="LAPTOP-0SCJ6J7A" failures="0" tests="1" name="curd_operations_with_BDD.UpdateProjectTest" time="3.678" errors="0" timestamp="2022-04-20T15:04:19 IST" skipped="0">
  <testcase classname="curd_operations_with_BDD.UpdateProjectTest" name="updateproject" time="3.678"/>
  <system-out/>
</testsuite> <!-- curd_operations_with_BDD.UpdateProjectTest -->
