<?xml version="1.0" encoding="UTF-8"?>
<!-- Generated by org.testng.reporters.JUnitReportReporter -->
<testsuite hostname="LAPTOP-0SCJ6J7A" failures="0" tests="1" name="resposeValidation.Dynamic_response_validation" time="4.207" errors="0" timestamp="2022-04-21T12:57:23 IST" skipped="0">
  <testcase classname="resposeValidation.Dynamic_response_validation" name="ResponseValidation" time="4.207"/>
  <system-out/>
</testsuite> <!-- resposeValidation.Dynamic_response_validation -->
