<?xml version="1.0" encoding="UTF-8"?>
<!-- Generated by org.testng.reporters.JUnitReportReporter -->
<testsuite hostname="LAPTOP-0SCJ6J7A" failures="0" tests="1" name="crud_operations_without_BDD.CreateProjectTest" time="4.045" errors="0" timestamp="2022-04-20T15:25:46 IST" skipped="0">
  <testcase classname="crud_operations_without_BDD.CreateProjectTest" name="createproject" time="4.045"/>
  <system-out/>
</testsuite> <!-- crud_operations_without_BDD.CreateProjectTest -->
