<?xml version="1.0" encoding="UTF-8"?>
<!-- Generated by org.testng.reporters.JUnitReportReporter -->
<testsuite hostname="LAPTOP-0SCJ6J7A" failures="0" tests="1" name="curd_operations_with_BDD.Get_All_Projects" time="3.235" errors="0" timestamp="2022-04-21T11:45:01 IST" skipped="0">
  <testcase classname="curd_operations_with_BDD.Get_All_Projects" name="getallprojects" time="3.235"/>
  <system-out/>
</testsuite> <!-- curd_operations_with_BDD.Get_All_Projects -->
