<?xml version="1.0" encoding="UTF-8"?>
<!-- Generated by org.testng.reporters.JUnitReportReporter -->
<testsuite hostname="LAPTOP-0SCJ6J7A" failures="0" tests="1" name="authentication.BasicAuth" time="2.035" errors="0" timestamp="2022-04-21T16:29:22 IST" skipped="0">
  <testcase classname="authentication.BasicAuth" name="digestBasicAuth" time="2.035"/>
  <system-out/>
</testsuite> <!-- authentication.BasicAuth -->
