<?xml version="1.0" encoding="UTF-8"?>
<!-- Generated by org.testng.reporters.JUnitReportReporter -->
<testsuite hostname="LAPTOP-0SCJ6J7A" failures="0" tests="1" name="git.Read_All_Repos" time="3.214" errors="0" timestamp="2022-04-21T16:41:16 IST" skipped="0">
  <testcase classname="git.Read_All_Repos" name="readAllRepos" time="3.214"/>
  <system-out/>
</testsuite> <!-- git.Read_All_Repos -->
