<?xml version="1.0" encoding="UTF-8"?>
<!-- Generated by org.testng.reporters.JUnitReportReporter -->
<testsuite hostname="LAPTOP-0SCJ6J7A" failures="0" tests="1" name="parameters.PathParameters" time="1.898" errors="0" timestamp="2022-04-21T14:53:30 IST" skipped="0">
  <testcase classname="parameters.PathParameters" name="pathParameters" time="1.898"/>
  <system-out/>
</testsuite> <!-- parameters.PathParameters -->
