<?xml version="1.0" encoding="UTF-8"?>
<!-- Generated by org.testng.reporters.JUnitReportReporter -->
<testsuite hostname="LAPTOP-0SCJ6J7A" failures="0" tests="1" name="resposeValidation.Static_response_validation_getAll" time="3.035" errors="0" timestamp="2022-04-21T14:33:23 IST" skipped="0">
  <testcase classname="resposeValidation.Static_response_validation_getAll" name="validateResponse" time="3.035"/>
  <system-out/>
</testsuite> <!-- resposeValidation.Static_response_validation_getAll -->
