<?xml version="1.0" encoding="UTF-8"?>
<!-- Generated by org.testng.reporters.JUnitReportReporter -->
<testsuite hostname="LAPTOP-0SCJ6J7A" failures="0" tests="1" name="resposeValidation.Response_time_validation" time="3.021" errors="0" timestamp="2022-04-21T12:43:04 IST" skipped="0">
  <testcase classname="resposeValidation.Response_time_validation" name="validateResponseTime" time="3.021"/>
  <system-out/>
</testsuite> <!-- resposeValidation.Response_time_validation -->
