<?xml version="1.0" encoding="UTF-8"?>
<!-- Generated by org.testng.reporters.JUnitReportReporter -->
<testsuite hostname="LAPTOP-0SCJ6J7A" failures="0" tests="1" name="crud_operations_without_BDD.UpdateProjectTest" time="3.669" errors="0" timestamp="2022-04-20T14:51:11 IST" skipped="0">
  <testcase classname="crud_operations_without_BDD.UpdateProjectTest" name="updateproject" time="3.669"/>
  <system-out/>
</testsuite> <!-- crud_operations_without_BDD.UpdateProjectTest -->
