<?xml version="1.0" encoding="UTF-8"?>
<!-- Generated by org.testng.reporters.JUnitReportReporter -->
<testsuite hostname="LAPTOP-0SCJ6J7A" failures="0" tests="1" name="parameters.FormParamaters" time="2.098" errors="0" timestamp="2022-04-21T14:50:29 IST" skipped="0">
  <testcase classname="parameters.FormParamaters" name="pathParameter" time="2.098"/>
  <system-out/>
</testsuite> <!-- parameters.FormParamaters -->
