<?xml version="1.0" encoding="UTF-8"?>
<!-- Generated by org.testng.reporters.JUnitReportReporter -->
<testsuite hostname="LAPTOP-0SCJ6J7A" failures="0" tests="1" name="crud_operations.GetAllProjects" time="2.141" errors="0" timestamp="2022-04-20T13:10:16 IST" skipped="0">
  <testcase classname="crud_operations.GetAllProjects" name="getallprojects" time="2.141"/>
  <system-out/>
</testsuite> <!-- crud_operations.GetAllProjects -->
