<?xml version="1.0" encoding="UTF-8"?>
<!-- Generated by org.testng.reporters.JUnitReportReporter -->
<testsuite hostname="LAPTOP-0SCJ6J7A" failures="0" tests="1" name="curd_operations_with_BDD.GetSingleProjects" time="3.001" errors="0" timestamp="2022-04-20T14:45:59 IST" skipped="0">
  <testcase classname="curd_operations_with_BDD.GetSingleProjects" name="getsingleproject" time="3.001"/>
  <system-out/>
</testsuite> <!-- curd_operations_with_BDD.GetSingleProjects -->
