<?xml version="1.0" encoding="UTF-8"?>
<!-- Generated by org.testng.reporters.JUnitReportReporter -->
<testsuite hostname="LAPTOP-0SCJ6J7A" failures="0" tests="1" name="different_ways_to_post.Create_project_using_POJOCLASS" time="2.253" errors="0" timestamp="2022-04-20T16:55:16 IST" skipped="0">
  <testcase classname="different_ways_to_post.Create_project_using_POJOCLASS" name="createProject" time="2.253"/>
  <system-out/>
</testsuite> <!-- different_ways_to_post.Create_project_using_POJOCLASS -->
