<?xml version="1.0" encoding="UTF-8"?>
<!-- Generated by org.testng.reporters.JUnitReportReporter -->
<testsuite hostname="LAPTOP-0SCJ6J7A" failures="0" tests="1" name="curd_operations_with_BDD.Create_project" time="4.065" errors="0" timestamp="2022-04-21T12:11:15 IST" skipped="0">
  <testcase classname="curd_operations_with_BDD.Create_project" name="createproject" time="4.065"/>
  <system-out/>
</testsuite> <!-- curd_operations_with_BDD.Create_project -->
