<?xml version="1.0" encoding="UTF-8"?>
<!-- Generated by org.testng.reporters.JUnitReportReporter -->
<testsuite hostname="LAPTOP-0SCJ6J7A" failures="0" tests="1" name="crud_operations_without_BDD.GetAllProjects" time="3.523" errors="0" timestamp="2022-04-22T12:32:40 IST" skipped="0">
  <testcase classname="crud_operations_without_BDD.GetAllProjects" name="getallprojects" time="3.523"/>
  <system-out/>
</testsuite> <!-- crud_operations_without_BDD.GetAllProjects -->
