<?xml version="1.0" encoding="UTF-8"?>
<!-- Generated by org.testng.reporters.JUnitReportReporter -->
<testsuite hostname="LAPTOP-0SCJ6J7A" failures="0" tests="1" name="different_ways_to_post.CreateProjectUsingJsonOBJECT" time="3.144" errors="0" timestamp="2022-04-20T16:36:35 IST" skipped="0">
  <testcase classname="different_ways_to_post.CreateProjectUsingJsonOBJECT" name="createproject" time="3.144"/>
  <system-out/>
</testsuite> <!-- different_ways_to_post.CreateProjectUsingJsonOBJECT -->
