<?xml version="1.0" encoding="UTF-8"?>
<!-- Generated by org.testng.reporters.JUnitReportReporter -->
<testsuite hostname="LAPTOP-0SCJ6J7A" failures="0" tests="1" name="curd_operations_with_BDD.Delete_project" time="2.947" errors="0" timestamp="2022-04-20T14:37:22 IST" skipped="0">
  <testcase classname="curd_operations_with_BDD.Delete_project" name="deleteproject" time="2.947"/>
  <system-out/>
</testsuite> <!-- curd_operations_with_BDD.Delete_project -->
