<?xml version="1.0" encoding="UTF-8"?>
<!-- Generated by org.testng.reporters.JUnitReportReporter -->
<testsuite hostname="LAPTOP-0SCJ6J7A" failures="0" tests="1" name="request_chaining.Create_project_and_GET_project" time="3.516" errors="0" timestamp="2022-04-21T15:47:36 IST" skipped="0">
  <testcase classname="request_chaining.Create_project_and_GET_project" name="createAndGetProject" time="3.516"/>
  <system-out/>
</testsuite> <!-- request_chaining.Create_project_and_GET_project -->
