<?xml version="1.0" encoding="UTF-8"?>
<!-- Generated by org.testng.reporters.JUnitReportReporter -->
<testsuite hostname="LAPTOP-0SCJ6J7A" failures="0" tests="1" name="resposeValidation.Static_respose_validation" time="4.516" errors="0" timestamp="2022-04-21T12:12:07 IST" skipped="0">
  <testcase classname="resposeValidation.Static_respose_validation" name="responseValidation" time="4.516"/>
  <system-out/>
</testsuite> <!-- resposeValidation.Static_respose_validation -->
