<?xml version="1.0" encoding="UTF-8"?>
<!-- Generated by org.testng.reporters.JUnitReportReporter -->
<testsuite hostname="LAPTOP-0SCJ6J7A" failures="0" tests="1" name="pom.rmg.projecttest.SampleprojectTest" time="3.037" errors="0" timestamp="2022-04-19T16:45:15 IST" skipped="0">
  <testcase classname="pom.rmg.projecttest.SampleprojectTest" name="getAllProjects" time="3.037"/>
  <system-out/>
</testsuite> <!-- pom.rmg.projecttest.SampleprojectTest -->
