<?xml version="1.0" encoding="UTF-8"?>
<!-- Generated by org.testng.reporters.JUnitReportReporter -->
<testsuite hostname="LAPTOP-0SCJ6J7A" failures="0" tests="1" name="authentication.Oauth2_0" time="6.558" errors="0" timestamp="2022-04-21T18:10:47 IST" skipped="0">
  <testcase classname="authentication.Oauth2_0" name="OuthAuthentication" time="6.558"/>
  <system-out/>
</testsuite> <!-- authentication.Oauth2_0 -->
