<?xml version="1.0" encoding="UTF-8"?>
<!-- Generated by org.testng.reporters.JUnitReportReporter -->
<testsuite hostname="LAPTOP-0SCJ6J7A" failures="0" tests="1" name="crud_operations.GetSingleProject" time="2.301" errors="0" timestamp="2022-04-20T12:42:59 IST" skipped="0">
  <testcase classname="crud_operations.GetSingleProject" name="getsingleproject" time="2.301"/>
  <system-out/>
</testsuite> <!-- crud_operations.GetSingleProject -->
