<?xml version="1.0" encoding="UTF-8"?>
<!-- Generated by org.testng.reporters.JUnitReportReporter -->
<testsuite hostname="LAPTOP-0SCJ6J7A" failures="0" tests="3" name="dataProvider.CreateMultipleprojects_Using_dataProvider" time="3.863" errors="0" timestamp="2022-04-21T13:12:48 IST" skipped="0">
  <testcase classname="dataProvider.CreateMultipleprojects_Using_dataProvider" name="createProject" time="3.626"/>
  <system-out/>
  <testcase classname="dataProvider.CreateMultipleprojects_Using_dataProvider" name="createProject" time="0.105"/>
  <system-out/>
  <testcase classname="dataProvider.CreateMultipleprojects_Using_dataProvider" name="createProject" time="0.132"/>
  <system-out/>
</testsuite> <!-- dataProvider.CreateMultipleprojects_Using_dataProvider -->
