<?xml version="1.0" encoding="UTF-8"?>
<!-- Generated by org.testng.reporters.JUnitReportReporter -->
<testsuite hostname="LAPTOP-0SCJ6J7A" failures="0" tests="1" name="request_chaining.Create_Project_and_DELETE_project" time="3.223" errors="0" timestamp="2022-04-21T15:58:42 IST" skipped="0">
  <testcase classname="request_chaining.Create_Project_and_DELETE_project" name="createAndDeleteProject" time="3.223"/>
  <system-out/>
</testsuite> <!-- request_chaining.Create_Project_and_DELETE_project -->
