<?xml version="1.0" encoding="UTF-8"?>
<!-- Generated by org.testng.reporters.JUnitReportReporter -->
<testsuite hostname="LAPTOP-0SCJ6J7A" failures="0" tests="1" name="parameters.Query_parameters" time="2.817" errors="0" timestamp="2022-04-21T14:44:24 IST" skipped="0">
  <testcase classname="parameters.Query_parameters" name="queryParameter" time="2.817"/>
  <system-out/>
</testsuite> <!-- parameters.Query_parameters -->
